<?xml version="1.0" encoding="UTF-8"?>
<!-- Generated by org.testng.reporters.JUnitReportReporter -->
<testsuite hostname="shapan-HP" name="automationFramework.Modullar_TC" tests="1" failures="0" timestamp="4 Jun 2017 00:05:10 GMT" time="46.244" errors="0">
  <testcase name="run" time="46.244" classname="automationFramework.Modullar_TC"/>
</testsuite> <!-- automationFramework.Modullar_TC -->
