<?xml version="1.0" encoding="UTF-8"?>
<!-- Generated by org.testng.reporters.JUnitReportReporter -->
<testsuite hostname="shapan-HP" name="automationFramework.Modullar_SQL" tests="1" failures="0" timestamp="6 Jun 2017 04:34:02 GMT" time="43.062" errors="0">
  <testcase name="run" time="43.062" classname="automationFramework.Modullar_SQL"/>
</testsuite> <!-- automationFramework.Modullar_SQL -->
